\BOOKMARK [1][-]{section.1}{\376\377\000I\000n\000t\000r\000o\000d\000u\000c\000t\000i\000o\000n}{}% 1
\BOOKMARK [2][-]{subsection.1.1}{\376\377\000C\000o\000r\000e\000\040\000C\000o\000n\000c\000e\000p\000t\000:\000\040\000B\000i\000t\000\040\000P\000a\000c\000k\000i\000n\000g\000\040\000a\000n\000d\000\040\000D\000i\000r\000e\000c\000t\000\040\000A\000c\000c\000e\000s\000s}{section.1}% 2
\BOOKMARK [2][-]{subsection.1.2}{\376\377\000P\000r\000o\000j\000e\000c\000t\000\040\000C\000o\000m\000p\000o\000n\000e\000n\000t\000s}{section.1}% 3
\BOOKMARK [1][-]{section.2}{\376\377\000D\000e\000s\000i\000g\000n\000\040\000a\000n\000d\000\040\000A\000r\000c\000h\000i\000t\000e\000c\000t\000u\000r\000e}{}% 4
\BOOKMARK [2][-]{subsection.2.1}{\376\377\000D\000i\000r\000e\000c\000t\000o\000r\000y\000\040\000a\000n\000d\000\040\000F\000i\000l\000e\000\040\000A\000r\000c\000h\000i\000t\000e\000c\000t\000u\000r\000e}{section.2}% 5
\BOOKMARK [3][-]{subsubsection.2.1.1}{\376\377\000A\000r\000c\000h\000i\000t\000e\000c\000t\000u\000r\000e\000\040\000j\000u\000s\000t\000i\000f\000i\000c\000a\000t\000i\000o\000n}{subsection.2.1}% 6
\BOOKMARK [1][-]{section.3}{\376\377\000D\000e\000s\000i\000g\000n\000\040\000P\000a\000t\000t\000e\000r\000n\000s}{}% 7
\BOOKMARK [2][-]{subsection.3.1}{\376\377\000T\000h\000e\000\040\000S\000i\000n\000g\000l\000e\000t\000o\000n\000\040\000P\000a\000t\000t\000e\000r\000n\000:\000\040\000M\000a\000n\000a\000g\000i\000n\000g\000\040\000S\000h\000a\000r\000e\000d\000\040\000R\000e\000s\000o\000u\000r\000c\000e\000s}{section.3}% 8
\BOOKMARK [2][-]{subsection.3.2}{\376\377\000T\000h\000e\000\040\000F\000a\000c\000t\000o\000r\000y\000\040\000M\000e\000t\000h\000o\000d\000\040\000P\000a\000t\000t\000e\000r\000n\000:\000\040\000D\000e\000c\000o\000u\000p\000l\000i\000n\000g\000\040\000C\000r\000e\000a\000t\000i\000o\000n}{section.3}% 9
\BOOKMARK [1][-]{section.4}{\376\377\000I\000m\000p\000l\000e\000m\000e\000n\000t\000a\000t\000i\000o\000n\000:\000\040\000T\000h\000e\000\040\000B\000i\000t\000\040\000P\000a\000c\000k\000i\000n\000g\000\040\000M\000e\000c\000h\000a\000n\000i\000s\000m\000s}{}% 10
\BOOKMARK [2][-]{subsection.4.1}{\376\377\000T\000h\000e\000\040\000B\000i\000t\000P\000a\000c\000k\000e\000r\000\040\000I\000n\000t\000e\000r\000f\000a\000c\000e\000\040\000a\000n\000d\000\040\000F\000a\000c\000t\000o\000r\000y}{section.4}% 11
\BOOKMARK [2][-]{subsection.4.2}{\376\377\000N\000o\000n\000-\000S\000p\000a\000n\000n\000i\000n\000g\000\040\000B\000i\000t\000\040\000P\000a\000c\000k\000i\000n\000g\000\040\000\050\000N\000o\000n\000S\000p\000a\000n\000n\000i\000n\000g\000B\000P\000\051}{section.4}% 12
\BOOKMARK [2][-]{subsection.4.3}{\376\377\000A\000n\000a\000l\000y\000s\000i\000s\000\040\000o\000f\000\040\000N\000o\000n\000-\000S\000p\000a\000n\000n\000i\000n\000g\000\040\000P\000e\000r\000f\000o\000r\000m\000a\000n\000c\000e}{section.4}% 13
\BOOKMARK [2][-]{subsection.4.4}{\376\377\000S\000p\000a\000n\000n\000i\000n\000g\000\040\000B\000i\000t\000\040\000P\000a\000c\000k\000i\000n\000g\000\040\000\050\000S\000p\000a\000n\000n\000i\000n\000g\000B\000P\000\051}{section.4}% 14
\BOOKMARK [2][-]{subsection.4.5}{\376\377\000A\000n\000a\000l\000y\000s\000i\000s\000\040\000o\000f\000\040\000S\000p\000a\000n\000n\000i\000n\000g\000\040\000B\000i\000t\000\040\000P\000a\000c\000k\000i\000n\000g\000\040\000S\000t\000r\000a\000t\000e\000g\000y}{section.4}% 15
\BOOKMARK [2][-]{subsection.4.6}{\376\377\000O\000v\000e\000r\000f\000l\000o\000w\000\040\000B\000i\000t\000\040\000P\000a\000c\000k\000i\000n\000g\000\040\000\050\000O\000v\000e\000r\000f\000l\000o\000w\000B\000P\000\051}{section.4}% 16
\BOOKMARK [2][-]{subsection.4.7}{\376\377\000A\000n\000a\000l\000y\000s\000i\000s\000\040\000o\000f\000\040\000O\000v\000e\000r\000f\000l\000o\000w\000\040\000B\000i\000t\000\040\000P\000a\000c\000k\000i\000n\000g\000\040\000S\000t\000r\000a\000t\000e\000g\000y}{section.4}% 17
\BOOKMARK [1][-]{section.5}{\376\377\000C\000o\000m\000p\000a\000r\000i\000s\000o\000n\000\040\000o\000f\000\040\000t\000h\000e\000\040\000C\000o\000m\000p\000r\000e\000s\000s\000i\000o\000n\000\040\000S\000t\000r\000a\000t\000e\000g\000i\000e\000s}{}% 18
\BOOKMARK [1][-]{section.6}{\376\377\000H\000a\000n\000d\000l\000i\000n\000g\000\040\000N\000e\000g\000a\000t\000i\000v\000e\000\040\000I\000n\000t\000e\000g\000e\000r\000s\000\040\000\050\000P\000r\000o\000p\000o\000s\000i\000t\000i\000o\000n\000\051}{}% 19
\BOOKMARK [2][-]{subsection.6.1}{\376\377\000A\000d\000a\000p\000t\000a\000t\000i\000o\000n\000\040\000u\000s\000i\000n\000g\000\040\000a\000\040\000D\000e\000d\000i\000c\000a\000t\000e\000d\000\040\000S\000i\000g\000n\000\040\000B\000i\000t}{section.6}% 20
\BOOKMARK [1][-]{section.7}{\376\377\000T\000h\000e\000\040\000L\000o\000g\000g\000i\000n\000g\000\040\000S\000y\000s\000t\000e\000m}{}% 21
\BOOKMARK [2][-]{subsection.7.1}{\376\377\000T\000h\000e\000\040\000L\000o\000g\000g\000e\000r\000\040\000I\000n\000t\000e\000r\000f\000a\000c\000e\000\040\000a\000n\000d\000\040\000L\000o\000g\000L\000e\000v\000e\000l}{section.7}% 22
\BOOKMARK [2][-]{subsection.7.2}{\376\377\000C\000o\000n\000c\000r\000e\000t\000e\000\040\000I\000m\000p\000l\000e\000m\000e\000n\000t\000a\000t\000i\000o\000n\000:\000\040\000C\000o\000n\000s\000o\000l\000e\000L\000o\000g\000g\000e\000r}{section.7}% 23
\BOOKMARK [2][-]{subsection.7.3}{\376\377\000T\000h\000e\000\040\000L\000o\000g\000g\000e\000r\000F\000a\000c\000t\000o\000r\000y}{section.7}% 24
\BOOKMARK [1][-]{section.8}{\376\377\000T\000i\000m\000e\000\040\000T\000a\000k\000i\000n\000g\000\040\000\050\000B\000e\000n\000c\000h\000m\000a\000r\000k\000i\000n\000g\000\051\000\040\000S\000y\000s\000t\000e\000m}{}% 25
\BOOKMARK [2][-]{subsection.8.1}{\376\377\000D\000e\000s\000i\000g\000n\000\040\000a\000n\000d\000\040\000C\000o\000m\000p\000o\000n\000e\000n\000t\000s}{section.8}% 26
\BOOKMARK [2][-]{subsection.8.2}{\376\377\000D\000e\000t\000a\000i\000l\000e\000d\000\040\000T\000i\000m\000e\000\040\000S\000e\000g\000m\000e\000n\000t\000a\000t\000i\000o\000n}{section.8}% 27
\BOOKMARK [1][-]{section.9}{\376\377\000T\000e\000s\000t\000i\000n\000g\000\040\000a\000n\000d\000\040\000V\000a\000l\000i\000d\000a\000t\000i\000o\000n}{}% 28
\BOOKMARK [2][-]{subsection.9.1}{\376\377\000O\000v\000e\000r\000v\000i\000e\000w\000\040\000a\000n\000d\000\040\000R\000e\000v\000e\000r\000s\000i\000b\000i\000l\000i\000t\000y\000\040\000P\000r\000i\000n\000c\000i\000p\000l\000e}{section.9}% 29
\BOOKMARK [2][-]{subsection.9.2}{\376\377\000T\000e\000s\000t\000\040\000D\000a\000t\000a\000\040\000G\000e\000n\000e\000r\000a\000t\000i\000o\000n\000\040\000S\000t\000r\000a\000t\000e\000g\000y}{section.9}% 30
\BOOKMARK [2][-]{subsection.9.3}{\376\377\000C\000o\000r\000e\000\040\000V\000a\000l\000i\000d\000a\000t\000i\000o\000n\000\040\000T\000e\000s\000t\000s\000\040\000a\000n\000d\000\040\000A\000r\000r\000a\000y\000\040\000P\000r\000o\000t\000e\000c\000t\000i\000o\000n}{section.9}% 31
\BOOKMARK [1][-]{section.10}{\376\377\000D\000a\000t\000a\000\040\000A\000n\000a\000l\000y\000s\000i\000s\000\040\000a\000n\000d\000\040\000V\000i\000s\000u\000a\000l\000i\000z\000a\000t\000i\000o\000n}{}% 32
\BOOKMARK [2][-]{subsection.10.1}{\376\377\000A\000n\000a\000l\000y\000s\000i\000s\000\040\000M\000e\000t\000h\000o\000d\000o\000l\000o\000g\000y}{section.10}% 33
\BOOKMARK [2][-]{subsection.10.2}{\376\377\000V\000i\000s\000u\000a\000l\000i\000z\000a\000t\000i\000o\000n\000\040\000a\000n\000d\000\040\000C\000o\000m\000p\000a\000r\000a\000t\000i\000v\000e\000\040\000A\000n\000a\000l\000y\000s\000i\000s}{section.10}% 34
\BOOKMARK [1][-]{section.11}{\376\377\000C\000o\000n\000c\000l\000u\000s\000i\000o\000n}{}% 35
\BOOKMARK [2][-]{subsection.11.1}{\376\377\000S\000u\000m\000m\000a\000r\000y\000\040\000o\000f\000\040\000S\000t\000r\000a\000t\000e\000g\000y\000\040\000T\000r\000a\000d\000e\000-\000o\000f\000f\000s}{section.11}% 36
\BOOKMARK [2][-]{subsection.11.2}{\376\377\000F\000i\000n\000a\000l\000\040\000V\000e\000r\000d\000i\000c\000t\000\040\000o\000n\000\040\000t\000h\000e\000\040\000O\000v\000e\000r\000f\000l\000o\000w\000\040\000S\000t\000r\000a\000t\000e\000g\000y}{section.11}% 37
