This is pdfTeX, Version 3.141592653-2.6-1.40.25 (TeX Live 2023/Debian) (preloaded format=pdflatex 2024.9.28)  29 OCT 2025 16:39
entering extended mode
 restricted \write18 enabled.
 %&-line parsing enabled.
**Report.tex
(./Report.tex
LaTeX2e <2023-11-01> patch level 1
L3 programming layer <2024-01-22>
(/usr/share/texlive/texmf-dist/tex/latex/base/article.cls
Document Class: article 2023/05/17 v1.4n Standard LaTeX document class
(/usr/share/texlive/texmf-dist/tex/latex/base/size11.clo
File: size11.clo 2023/05/17 v1.4n Standard LaTeX file (size option)
)
\c@part=\count187
\c@section=\count188
\c@subsection=\count189
\c@subsubsection=\count190
\c@paragraph=\count191
\c@subparagraph=\count192
\c@figure=\count193
\c@table=\count194
\abovecaptionskip=\skip48
\belowcaptionskip=\skip49
\bibindent=\dimen140
)
(/usr/share/texlive/texmf-dist/tex/latex/geometry/geometry.sty
Package: geometry 2020/01/02 v5.9 Page Geometry

(/usr/share/texlive/texmf-dist/tex/latex/graphics/keyval.sty
Package: keyval 2022/05/29 v1.15 key=value parser (DPC)
\KV@toks@=\toks17
)
(/usr/share/texlive/texmf-dist/tex/generic/iftex/ifvtex.sty
Package: ifvtex 2019/10/25 v1.7 ifvtex legacy package. Use iftex instead.

(/usr/share/texlive/texmf-dist/tex/generic/iftex/iftex.sty
Package: iftex 2022/02/03 v1.0f TeX engine tests
))
\Gm@cnth=\count195
\Gm@cntv=\count196
\c@Gm@tempcnt=\count197
\Gm@bindingoffset=\dimen141
\Gm@wd@mp=\dimen142
\Gm@odd@mp=\dimen143
\Gm@even@mp=\dimen144
\Gm@layoutwidth=\dimen145
\Gm@layoutheight=\dimen146
\Gm@layouthoffset=\dimen147
\Gm@layoutvoffset=\dimen148
\Gm@dimlist=\toks18
)
(/usr/share/texlive/texmf-dist/tex/latex/base/fontenc.sty
Package: fontenc 2021/04/29 v2.0v Standard LaTeX package
)
(/usr/share/texlive/texmf-dist/tex/latex/base/inputenc.sty
Package: inputenc 2021/02/14 v1.3d Input encoding file
\inpenc@prehook=\toks19
\inpenc@posthook=\toks20
)
(/usr/share/texlive/texmf-dist/tex/generic/babel/babel.sty
Package: babel 2024/01/07 v24.1 The Babel package
\babel@savecnt=\count198
\U@D=\dimen149
\l@unhyphenated=\language9

(/usr/share/texlive/texmf-dist/tex/generic/babel/txtbabel.def)
\bbl@readstream=\read2
\bbl@dirlevel=\count199

(/usr/share/texlive/texmf-dist/tex/generic/babel-english/english.ldf
Language: english 2017/06/06 v3.3r English support from the babel system
Package babel Info: Hyphen rules for 'british' set to \l@english
(babel)             (\language0). Reported on input line 82.
Package babel Info: Hyphen rules for 'UKenglish' set to \l@english
(babel)             (\language0). Reported on input line 83.
Package babel Info: Hyphen rules for 'canadian' set to \l@english
(babel)             (\language0). Reported on input line 102.
Package babel Info: Hyphen rules for 'australian' set to \l@english
(babel)             (\language0). Reported on input line 105.
Package babel Info: Hyphen rules for 'newzealand' set to \l@english
(babel)             (\language0). Reported on input line 108.
))
(/usr/share/texlive/texmf-dist/tex/generic/babel/locale/en/babel-english.tex
Package babel Info: Importing font and identification data for english
(babel)             from babel-en.ini. Reported on input line 11.
)
(/usr/share/texlive/texmf-dist/tex/latex/amsmath/amsmath.sty
Package: amsmath 2023/05/13 v2.17o AMS math features
\@mathmargin=\skip50

For additional information on amsmath, use the `?' option.
(/usr/share/texlive/texmf-dist/tex/latex/amsmath/amstext.sty
Package: amstext 2021/08/26 v2.01 AMS text

(/usr/share/texlive/texmf-dist/tex/latex/amsmath/amsgen.sty
File: amsgen.sty 1999/11/30 v2.0 generic functions
\@emptytoks=\toks21
\ex@=\dimen150
))
(/usr/share/texlive/texmf-dist/tex/latex/amsmath/amsbsy.sty
Package: amsbsy 1999/11/29 v1.2d Bold Symbols
\pmbraise@=\dimen151
)
(/usr/share/texlive/texmf-dist/tex/latex/amsmath/amsopn.sty
Package: amsopn 2022/04/08 v2.04 operator names
)
\inf@bad=\count266
LaTeX Info: Redefining \frac on input line 234.
\uproot@=\count267
\leftroot@=\count268
LaTeX Info: Redefining \overline on input line 399.
LaTeX Info: Redefining \colon on input line 410.
\classnum@=\count269
\DOTSCASE@=\count270
LaTeX Info: Redefining \ldots on input line 496.
LaTeX Info: Redefining \dots on input line 499.
LaTeX Info: Redefining \cdots on input line 620.
\Mathstrutbox@=\box51
\strutbox@=\box52
LaTeX Info: Redefining \big on input line 722.
LaTeX Info: Redefining \Big on input line 723.
LaTeX Info: Redefining \bigg on input line 724.
LaTeX Info: Redefining \Bigg on input line 725.
\big@size=\dimen152
LaTeX Font Info:    Redeclaring font encoding OML on input line 743.
LaTeX Font Info:    Redeclaring font encoding OMS on input line 744.
\macc@depth=\count271
LaTeX Info: Redefining \bmod on input line 905.
LaTeX Info: Redefining \pmod on input line 910.
LaTeX Info: Redefining \smash on input line 940.
LaTeX Info: Redefining \relbar on input line 970.
LaTeX Info: Redefining \Relbar on input line 971.
\c@MaxMatrixCols=\count272
\dotsspace@=\muskip16
\c@parentequation=\count273
\dspbrk@lvl=\count274
\tag@help=\toks22
\row@=\count275
\column@=\count276
\maxfields@=\count277
\andhelp@=\toks23
\eqnshift@=\dimen153
\alignsep@=\dimen154
\tagshift@=\dimen155
\tagwidth@=\dimen156
\totwidth@=\dimen157
\lineht@=\dimen158
\@envbody=\toks24
\multlinegap=\skip51
\multlinetaggap=\skip52
\mathdisplay@stack=\toks25
LaTeX Info: Redefining \[ on input line 2953.
LaTeX Info: Redefining \] on input line 2954.
)
(/usr/share/texlive/texmf-dist/tex/latex/booktabs/booktabs.sty
Package: booktabs 2020/01/12 v1.61803398 Publication quality tables
\heavyrulewidth=\dimen159
\lightrulewidth=\dimen160
\cmidrulewidth=\dimen161
\belowrulesep=\dimen162
\belowbottomsep=\dimen163
\aboverulesep=\dimen164
\abovetopsep=\dimen165
\cmidrulesep=\dimen166
\cmidrulekern=\dimen167
\defaultaddspace=\dimen168
\@cmidla=\count278
\@cmidlb=\count279
\@aboverulesep=\dimen169
\@belowrulesep=\dimen170
\@thisruleclass=\count280
\@lastruleclass=\count281
\@thisrulewidth=\dimen171
)
(/usr/share/texlive/texmf-dist/tex/latex/graphics/graphicx.sty
Package: graphicx 2021/09/16 v1.2d Enhanced LaTeX Graphics (DPC,SPQR)

(/usr/share/texlive/texmf-dist/tex/latex/graphics/graphics.sty
Package: graphics 2022/03/10 v1.4e Standard LaTeX Graphics (DPC,SPQR)

(/usr/share/texlive/texmf-dist/tex/latex/graphics/trig.sty
Package: trig 2021/08/11 v1.11 sin cos tan (DPC)
)
(/usr/share/texlive/texmf-dist/tex/latex/graphics-cfg/graphics.cfg
File: graphics.cfg 2016/06/04 v1.11 sample graphics configuration
)
Package graphics Info: Driver file: pdftex.def on input line 107.

(/usr/share/texlive/texmf-dist/tex/latex/graphics-def/pdftex.def
File: pdftex.def 2022/09/22 v1.2b Graphics/color driver for pdftex
))
\Gin@req@height=\dimen172
\Gin@req@width=\dimen173
)
(/usr/share/texlive/texmf-dist/tex/latex/url/url.sty
\Urlmuskip=\muskip17
Package: url 2013/09/16  ver 3.4  Verb mode for urls, etc.
)
(/usr/share/texlive/texmf-dist/tex/generic/dirtree/dirtree.sty
Package: dirtree 2012/12/11 v0.32 package wrapper for dirtree

(/usr/share/texlive/texmf-dist/tex/generic/dirtree/dirtree.tex
`dirtree' v0.32, 2012/12/11 (jcc)
\DT@offset=\dimen174
\DT@width=\dimen175
\DT@sep=\dimen176
\DT@all=\dimen177
\DT@rulewidth=\dimen178
\DT@dotwidth=\dimen179
\DTbaselineskip=\dimen180
\DT@counti=\count282
\DT@countii=\count283
\DT@countiii=\count284
\DT@countiv=\count285
\DT@indent=\dimen181
\DT@parskip=\dimen182
\DT@baselineskip=\dimen183
)
File: dirtree.tex 2012/12/11 v0.32 `dirtree' (jcc)
)
(/usr/share/texlive/texmf-dist/tex/latex/float/float.sty
Package: float 2001/11/08 v1.3d Float enhancements (AL)
\c@float@type=\count286
\float@exts=\toks26
\float@box=\box53
\@float@everytoks=\toks27
\@floatcapt=\box54
)
(/usr/share/texlive/texmf-dist/tex/latex/listings/listings.sty
\lst@mode=\count287
\lst@gtempboxa=\box55
\lst@token=\toks28
\lst@length=\count288
\lst@currlwidth=\dimen184
\lst@column=\count289
\lst@pos=\count290
\lst@lostspace=\dimen185
\lst@width=\dimen186
\lst@newlines=\count291
\lst@lineno=\count292
\lst@maxwidth=\dimen187

(/usr/share/texlive/texmf-dist/tex/latex/listings/lstmisc.sty
File: lstmisc.sty 2023/02/27 1.9 (Carsten Heinz)
\c@lstnumber=\count293
\lst@skipnumbers=\count294
\lst@framebox=\box56
)
(/usr/share/texlive/texmf-dist/tex/latex/listings/listings.cfg
File: listings.cfg 2023/02/27 1.9 listings configuration
))
Package: listings 2023/02/27 1.9 (Carsten Heinz)

(/usr/share/texlive/texmf-dist/tex/latex/hyperref/hyperref.sty
Package: hyperref 2024-01-20 v7.01h Hypertext links for LaTeX

(/usr/share/texlive/texmf-dist/tex/latex/kvsetkeys/kvsetkeys.sty
Package: kvsetkeys 2022-10-05 v1.19 Key value parser (HO)
)
(/usr/share/texlive/texmf-dist/tex/generic/kvdefinekeys/kvdefinekeys.sty
Package: kvdefinekeys 2019-12-19 v1.6 Define keys (HO)
)
(/usr/share/texlive/texmf-dist/tex/generic/pdfescape/pdfescape.sty
Package: pdfescape 2019/12/09 v1.15 Implements pdfTeX's escape features (HO)

(/usr/share/texlive/texmf-dist/tex/generic/ltxcmds/ltxcmds.sty
Package: ltxcmds 2023-12-04 v1.26 LaTeX kernel commands for general use (HO)
)
(/usr/share/texlive/texmf-dist/tex/generic/pdftexcmds/pdftexcmds.sty
Package: pdftexcmds 2020-06-27 v0.33 Utility functions of pdfTeX for LuaTeX (HO
)

(/usr/share/texlive/texmf-dist/tex/generic/infwarerr/infwarerr.sty
Package: infwarerr 2019/12/03 v1.5 Providing info/warning/error messages (HO)
)
Package pdftexcmds Info: \pdf@primitive is available.
Package pdftexcmds Info: \pdf@ifprimitive is available.
Package pdftexcmds Info: \pdfdraftmode found.
))
(/usr/share/texlive/texmf-dist/tex/latex/hycolor/hycolor.sty
Package: hycolor 2020-01-27 v1.10 Color options for hyperref/bookmark (HO)
)
(/usr/share/texlive/texmf-dist/tex/latex/auxhook/auxhook.sty
Package: auxhook 2019-12-17 v1.6 Hooks for auxiliary files (HO)
)
(/usr/share/texlive/texmf-dist/tex/latex/hyperref/nameref.sty
Package: nameref 2023-11-26 v2.56 Cross-referencing by name of section

(/usr/share/texlive/texmf-dist/tex/latex/refcount/refcount.sty
Package: refcount 2019/12/15 v3.6 Data extraction from label references (HO)
)
(/usr/share/texlive/texmf-dist/tex/generic/gettitlestring/gettitlestring.sty
Package: gettitlestring 2019/12/15 v1.6 Cleanup title references (HO)

(/usr/share/texlive/texmf-dist/tex/latex/kvoptions/kvoptions.sty
Package: kvoptions 2022-06-15 v3.15 Key value format for package options (HO)
))
\c@section@level=\count295
)
(/usr/share/texlive/texmf-dist/tex/latex/etoolbox/etoolbox.sty
Package: etoolbox 2020/10/05 v2.5k e-TeX tools for LaTeX (JAW)
\etb@tempcnta=\count296
)
\@linkdim=\dimen188
\Hy@linkcounter=\count297
\Hy@pagecounter=\count298

(/usr/share/texlive/texmf-dist/tex/latex/hyperref/pd1enc.def
File: pd1enc.def 2024-01-20 v7.01h Hyperref: PDFDocEncoding definition (HO)
Now handling font encoding PD1 ...
... no UTF-8 mapping file for font encoding PD1
)
(/usr/share/texlive/texmf-dist/tex/generic/intcalc/intcalc.sty
Package: intcalc 2019/12/15 v1.3 Expandable calculations with integers (HO)
)
\Hy@SavedSpaceFactor=\count299

(/usr/share/texlive/texmf-dist/tex/latex/hyperref/puenc.def
File: puenc.def 2024-01-20 v7.01h Hyperref: PDF Unicode definition (HO)
Now handling font encoding PU ...
... no UTF-8 mapping file for font encoding PU
)
Package hyperref Info: Hyper figures OFF on input line 4179.
Package hyperref Info: Link nesting OFF on input line 4184.
Package hyperref Info: Hyper index ON on input line 4187.
Package hyperref Info: Plain pages OFF on input line 4194.
Package hyperref Info: Backreferencing OFF on input line 4199.
Package hyperref Info: Implicit mode ON; LaTeX internals redefined.
Package hyperref Info: Bookmarks ON on input line 4446.
\c@Hy@tempcnt=\count300
LaTeX Info: Redefining \url on input line 4784.
\XeTeXLinkMargin=\dimen189

(/usr/share/texlive/texmf-dist/tex/generic/bitset/bitset.sty
Package: bitset 2019/12/09 v1.3 Handle bit-vector datatype (HO)

(/usr/share/texlive/texmf-dist/tex/generic/bigintcalc/bigintcalc.sty
Package: bigintcalc 2019/12/15 v1.5 Expandable calculations on big integers (HO
)
))
\Fld@menulength=\count301
\Field@Width=\dimen190
\Fld@charsize=\dimen191
Package hyperref Info: Hyper figures OFF on input line 6063.
Package hyperref Info: Link nesting OFF on input line 6068.
Package hyperref Info: Hyper index ON on input line 6071.
Package hyperref Info: backreferencing OFF on input line 6078.
Package hyperref Info: Link coloring OFF on input line 6083.
Package hyperref Info: Link coloring with OCG OFF on input line 6088.
Package hyperref Info: PDF/A mode OFF on input line 6093.

(/usr/share/texlive/texmf-dist/tex/latex/base/atbegshi-ltx.sty
Package: atbegshi-ltx 2021/01/10 v1.0c Emulation of the original atbegshi
package with kernel methods
)
\Hy@abspage=\count302
\c@Item=\count303
\c@Hfootnote=\count304
)
Package hyperref Info: Driver (autodetected): hpdftex.

(/usr/share/texlive/texmf-dist/tex/latex/hyperref/hpdftex.def
File: hpdftex.def 2024-01-20 v7.01h Hyperref driver for pdfTeX

(/usr/share/texlive/texmf-dist/tex/latex/base/atveryend-ltx.sty
Package: atveryend-ltx 2020/08/19 v1.0a Emulation of the original atveryend pac
kage
with kernel methods
)
\Fld@listcount=\count305
\c@bookmark@seq@number=\count306

(/usr/share/texlive/texmf-dist/tex/latex/rerunfilecheck/rerunfilecheck.sty
Package: rerunfilecheck 2022-07-10 v1.10 Rerun checks for auxiliary files (HO)

(/usr/share/texlive/texmf-dist/tex/generic/uniquecounter/uniquecounter.sty
Package: uniquecounter 2019/12/15 v1.4 Provide unlimited unique counter (HO)
)
Package uniquecounter Info: New unique counter `rerunfilecheck' on input line 2
85.
)
\Hy@SectionHShift=\skip53
)
Package hyperref Info: Option `colorlinks' set `true' on input line 32.

(/usr/share/texlive/texmf-dist/tex/latex/l3backend/l3backend-pdftex.def
File: l3backend-pdftex.def 2024-01-04 L3 backend support: PDF output (pdfTeX)
\l__color_backend_stack_int=\count307
\l__pdf_internal_box=\box57
)
(./Report.aux)
\openout1 = `Report.aux'.

LaTeX Font Info:    Checking defaults for OML/cmm/m/it on input line 34.
LaTeX Font Info:    ... okay on input line 34.
LaTeX Font Info:    Checking defaults for OMS/cmsy/m/n on input line 34.
LaTeX Font Info:    ... okay on input line 34.
LaTeX Font Info:    Checking defaults for OT1/cmr/m/n on input line 34.
LaTeX Font Info:    ... okay on input line 34.
LaTeX Font Info:    Checking defaults for T1/cmr/m/n on input line 34.
LaTeX Font Info:    ... okay on input line 34.
LaTeX Font Info:    Checking defaults for TS1/cmr/m/n on input line 34.
LaTeX Font Info:    ... okay on input line 34.
LaTeX Font Info:    Checking defaults for OMX/cmex/m/n on input line 34.
LaTeX Font Info:    ... okay on input line 34.
LaTeX Font Info:    Checking defaults for U/cmr/m/n on input line 34.
LaTeX Font Info:    ... okay on input line 34.
LaTeX Font Info:    Checking defaults for PD1/pdf/m/n on input line 34.
LaTeX Font Info:    ... okay on input line 34.
LaTeX Font Info:    Checking defaults for PU/pdf/m/n on input line 34.
LaTeX Font Info:    ... okay on input line 34.

*geometry* driver: auto-detecting
*geometry* detected driver: pdftex
*geometry* verbose mode - [ preamble ] result:
* driver: pdftex
* paper: a4paper
* layout: <same size as paper>
* layoutoffset:(h,v)=(0.0pt,0.0pt)
* modes: 
* h-part:(L,W,R)=(56.9055pt, 483.69687pt, 56.9055pt)
* v-part:(T,H,B)=(71.13188pt, 702.78308pt, 71.13188pt)
* \paperwidth=597.50787pt
* \paperheight=845.04684pt
* \textwidth=483.69687pt
* \textheight=702.78308pt
* \oddsidemargin=-15.36449pt
* \evensidemargin=-15.36449pt
* \topmargin=-38.1381pt
* \headheight=12.0pt
* \headsep=25.0pt
* \topskip=11.0pt
* \footskip=30.0pt
* \marginparwidth=50.0pt
* \marginparsep=10.0pt
* \columnsep=10.0pt
* \skip\footins=10.0pt plus 4.0pt minus 2.0pt
* \hoffset=0.0pt
* \voffset=0.0pt
* \mag=1000
* \@twocolumnfalse
* \@twosidefalse
* \@mparswitchfalse
* \@reversemarginfalse
* (1in=72.27pt=25.4mm, 1cm=28.453pt)

(/usr/share/texlive/texmf-dist/tex/context/base/mkii/supp-pdf.mkii
[Loading MPS to PDF converter (version 2006.09.02).]
\scratchcounter=\count308
\scratchdimen=\dimen192
\scratchbox=\box58
\nofMPsegments=\count309
\nofMParguments=\count310
\everyMPshowfont=\toks29
\MPscratchCnt=\count311
\MPscratchDim=\dimen193
\MPnumerator=\count312
\makeMPintoPDFobject=\count313
\everyMPtoPDFconversion=\toks30
) (/usr/share/texlive/texmf-dist/tex/latex/epstopdf-pkg/epstopdf-base.sty
Package: epstopdf-base 2020-01-24 v2.11 Base part for package epstopdf
Package epstopdf-base Info: Redefining graphics rule for `.eps' on input line 4
85.

(/usr/share/texlive/texmf-dist/tex/latex/latexconfig/epstopdf-sys.cfg
File: epstopdf-sys.cfg 2010/07/13 v1.3 Configuration of (r)epstopdf for TeX Liv
e
))
\c@lstlisting=\count314

(/usr/share/texlive/texmf-dist/tex/latex/graphics/color.sty
Package: color 2022/01/06 v1.3d Standard LaTeX Color (DPC)

(/usr/share/texlive/texmf-dist/tex/latex/graphics-cfg/color.cfg
File: color.cfg 2016/01/02 v1.6 sample color configuration
)
Package color Info: Driver file: pdftex.def on input line 149.

(/usr/share/texlive/texmf-dist/tex/latex/graphics/mathcolor.ltx))
Package hyperref Info: Link coloring ON on input line 34.
 (./Report.out) (./Report.out)
\@outlinefile=\write3
\openout3 = `Report.out'.

 [1

{/var/lib/texmf/fonts/map/pdftex/updmap/pdftex.map}]
(./Report.toc
LaTeX Font Info:    Trying to load font information for T1+cmtt on input line 1
5.
 (/usr/share/texlive/texmf-dist/tex/latex/base/t1cmtt.fd
File: t1cmtt.fd 2023/04/13 v2.5m Standard LaTeX font definitions
))
\tf@toc=\write4
\openout4 = `Report.toc'.


[2

]

LaTeX Warning: `h' float specifier changed to `ht'.

LaTeX Font Info:    Font shape `T1/cmtt/bx/n' in size <10.95> not available
(Font)              Font shape `T1/cmtt/m/n' tried instead on input line 129.
[3

] [4] [5]
LaTeX Font Info:    Font shape `T1/cmtt/bx/n' in size <12> not available
(Font)              Font shape `T1/cmtt/m/n' tried instead on input line 201.
<Grafics/nonspanning.png, id=228, 841.1425pt x 116.435pt>
File: Grafics/nonspanning.png Graphic file (type png)
<use Grafics/nonspanning.png>
Package pdftex.def Info: Grafics/nonspanning.png  used on input line 222.
(pdftex.def)             Requested size: 386.95897pt x 53.5643pt.
 [6 <./Grafics/NonSpanning.png>]
<Grafics/NonSpanning/NonSpanningefficency.png, id=241, 722.7pt x 433.62pt>
File: Grafics/NonSpanning/NonSpanningefficency.png Graphic file (type png)
<use Grafics/NonSpanning/NonSpanningefficency.png>
Package pdftex.def Info: Grafics/NonSpanning/NonSpanningefficency.png  used on 
input line 242.
(pdftex.def)             Requested size: 386.95897pt x 232.17297pt.
<Grafics/NonSpanning/NonSpanningCompressTimevsSize.png, id=242, 867.24pt x 578.
16pt>
File: Grafics/NonSpanning/NonSpanningCompressTimevsSize.png Graphic file (type 
png)
<use Grafics/NonSpanning/NonSpanningCompressTimevsSize.png>
Package pdftex.def Info: Grafics/NonSpanning/NonSpanningCompressTimevsSize.png 
 used on input line 252.
(pdftex.def)             Requested size: 386.95897pt x 257.97292pt.
<Grafics/NonSpanning/NonSpanningCompressTime.png, id=243, 867.24pt x 578.16pt>
File: Grafics/NonSpanning/NonSpanningCompressTime.png Graphic file (type png)
<use Grafics/NonSpanning/NonSpanningCompressTime.png>
Package pdftex.def Info: Grafics/NonSpanning/NonSpanningCompressTime.png  used 
on input line 259.
(pdftex.def)             Requested size: 386.95897pt x 257.97292pt.
 [7 <./Grafics/NonSpanning/NonSpanningefficency.png>]
<Grafics/NonSpanning/NonSpanningCompressHeat.png, id=253, 722.7pt x 505.89pt>
File: Grafics/NonSpanning/NonSpanningCompressHeat.png Graphic file (type png)
<use Grafics/NonSpanning/NonSpanningCompressHeat.png>
Package pdftex.def Info: Grafics/NonSpanning/NonSpanningCompressHeat.png  used 
on input line 266.
(pdftex.def)             Requested size: 386.95897pt x 270.86847pt.
 [8 <./Grafics/NonSpanning/NonSpanningCompressTimevsSize.png> <./Grafics/NonSpa
nning/NonSpanningCompressTime.png>]
<Grafics/NonSpanning/NonSpanningDecompressTimevsSize.png, id=265, 867.24pt x 57
8.16pt>
File: Grafics/NonSpanning/NonSpanningDecompressTimevsSize.png Graphic file (typ
e png)
<use Grafics/NonSpanning/NonSpanningDecompressTimevsSize.png>
Package pdftex.def Info: Grafics/NonSpanning/NonSpanningDecompressTimevsSize.pn
g  used on input line 280.
(pdftex.def)             Requested size: 386.95897pt x 257.97292pt.
<Grafics/NonSpanning/NonSpanningDecompressTime.png, id=266, 867.24pt x 578.16pt
>
File: Grafics/NonSpanning/NonSpanningDecompressTime.png Graphic file (type png)

<use Grafics/NonSpanning/NonSpanningDecompressTime.png>
Package pdftex.def Info: Grafics/NonSpanning/NonSpanningDecompressTime.png  use
d on input line 287.
(pdftex.def)             Requested size: 386.95897pt x 257.97292pt.
 [9 <./Grafics/NonSpanning/NonSpanningCompressHeat.png>]
<Grafics/NonSpanning/NonSpanningDecompressHeat.png, id=274, 722.7pt x 505.89pt>

File: Grafics/NonSpanning/NonSpanningDecompressHeat.png Graphic file (type png)

<use Grafics/NonSpanning/NonSpanningDecompressHeat.png>
Package pdftex.def Info: Grafics/NonSpanning/NonSpanningDecompressHeat.png  use
d on input line 294.
(pdftex.def)             Requested size: 386.95897pt x 270.86847pt.
 [10 <./Grafics/NonSpanning/NonSpanningDecompressTimevsSize.png> <./Grafics/Non
Spanning/NonSpanningDecompressTime.png>]
<Grafics/NonSpanning/NonSpanningGetTimevsSize.png, id=286, 867.24pt x 578.16pt>

File: Grafics/NonSpanning/NonSpanningGetTimevsSize.png Graphic file (type png)
<use Grafics/NonSpanning/NonSpanningGetTimevsSize.png>
Package pdftex.def Info: Grafics/NonSpanning/NonSpanningGetTimevsSize.png  used
 on input line 305.
(pdftex.def)             Requested size: 386.95897pt x 257.97292pt.
<Grafics/NonSpanning/NonSpanningGetHeat.png, id=287, 722.7pt x 505.89pt>
File: Grafics/NonSpanning/NonSpanningGetHeat.png Graphic file (type png)
<use Grafics/NonSpanning/NonSpanningGetHeat.png>
Package pdftex.def Info: Grafics/NonSpanning/NonSpanningGetHeat.png  used on in
put line 313.
(pdftex.def)             Requested size: 386.95897pt x 270.86847pt.
 [11 <./Grafics/NonSpanning/NonSpanningDecompressHeat.png> <./Grafics/NonSpanni
ng/NonSpanningGetTimevsSize.png>]
<Grafics/spanning.png, id=299, 846.16125pt x 167.62625pt>
File: Grafics/spanning.png Graphic file (type png)
<use Grafics/spanning.png>
Package pdftex.def Info: Grafics/spanning.png  used on input line 325.
(pdftex.def)             Requested size: 386.95897pt x 76.65627pt.
 [12 <./Grafics/NonSpanning/NonSpanningGetHeat.png> <./Grafics/Spanning.png>]
<Grafics/Spanning/Spanningefficency.png, id=310, 722.7pt x 433.62pt>
File: Grafics/Spanning/Spanningefficency.png Graphic file (type png)
<use Grafics/Spanning/Spanningefficency.png>
Package pdftex.def Info: Grafics/Spanning/Spanningefficency.png  used on input 
line 356.
(pdftex.def)             Requested size: 386.95897pt x 232.17297pt.
<Grafics/Spanning/SpanningCompressTimevsSize.png, id=312, 867.24pt x 578.16pt>
File: Grafics/Spanning/SpanningCompressTimevsSize.png Graphic file (type png)
<use Grafics/Spanning/SpanningCompressTimevsSize.png>
Package pdftex.def Info: Grafics/Spanning/SpanningCompressTimevsSize.png  used 
on input line 366.
(pdftex.def)             Requested size: 386.95897pt x 257.97292pt.
<Grafics/Spanning/SpanningCompressTime.png, id=313, 867.24pt x 578.16pt>
File: Grafics/Spanning/SpanningCompressTime.png Graphic file (type png)
<use Grafics/Spanning/SpanningCompressTime.png>
Package pdftex.def Info: Grafics/Spanning/SpanningCompressTime.png  used on inp
ut line 373.
(pdftex.def)             Requested size: 386.95897pt x 257.97292pt.
 [13 <./Grafics/Spanning/Spanningefficency.png>]
<Grafics/Spanning/SpanningCompressHeat.png, id=325, 722.7pt x 505.89pt>
File: Grafics/Spanning/SpanningCompressHeat.png Graphic file (type png)
<use Grafics/Spanning/SpanningCompressHeat.png>
Package pdftex.def Info: Grafics/Spanning/SpanningCompressHeat.png  used on inp
ut line 380.
(pdftex.def)             Requested size: 386.95897pt x 270.86847pt.
 [14 <./Grafics/Spanning/SpanningCompressTimevsSize.png> <./Grafics/Spanning/Sp
anningCompressTime.png>]
<Grafics/Spanning/SpanningDecompressTimevsSize.png, id=337, 867.24pt x 578.16pt
>
File: Grafics/Spanning/SpanningDecompressTimevsSize.png Graphic file (type png)

<use Grafics/Spanning/SpanningDecompressTimevsSize.png>
Package pdftex.def Info: Grafics/Spanning/SpanningDecompressTimevsSize.png  use
d on input line 391.
(pdftex.def)             Requested size: 386.95897pt x 257.97292pt.
<Grafics/Spanning/SpanningDecompressTime.png, id=338, 867.24pt x 578.16pt>
File: Grafics/Spanning/SpanningDecompressTime.png Graphic file (type png)
<use Grafics/Spanning/SpanningDecompressTime.png>
Package pdftex.def Info: Grafics/Spanning/SpanningDecompressTime.png  used on i
nput line 398.
(pdftex.def)             Requested size: 386.95897pt x 257.97292pt.
 [15 <./Grafics/Spanning/SpanningCompressHeat.png>]
<Grafics/Spanning/SpanningDecompressHeat.png, id=346, 722.7pt x 505.89pt>
File: Grafics/Spanning/SpanningDecompressHeat.png Graphic file (type png)
<use Grafics/Spanning/SpanningDecompressHeat.png>
Package pdftex.def Info: Grafics/Spanning/SpanningDecompressHeat.png  used on i
nput line 405.
(pdftex.def)             Requested size: 386.95897pt x 270.86847pt.
 [16 <./Grafics/Spanning/SpanningDecompressTimevsSize.png> <./Grafics/Spanning/
SpanningDecompressTime.png>]
<Grafics/Spanning/SpanningGetTimevsSize.png, id=359, 867.24pt x 578.16pt>
File: Grafics/Spanning/SpanningGetTimevsSize.png Graphic file (type png)
<use Grafics/Spanning/SpanningGetTimevsSize.png>
Package pdftex.def Info: Grafics/Spanning/SpanningGetTimevsSize.png  used on in
put line 414.
(pdftex.def)             Requested size: 386.95897pt x 257.97292pt.
 [17 <./Grafics/Spanning/SpanningDecompressHeat.png>]
<Grafics/Spanning/SpanningGetHeat.png, id=367, 722.7pt x 505.89pt>
File: Grafics/Spanning/SpanningGetHeat.png Graphic file (type png)
<use Grafics/Spanning/SpanningGetHeat.png>
Package pdftex.def Info: Grafics/Spanning/SpanningGetHeat.png  used on input li
ne 422.
(pdftex.def)             Requested size: 386.95897pt x 270.86847pt.
<Grafics/overflow.png, id=370, 848.16875pt x 275.0275pt>
File: Grafics/overflow.png Graphic file (type png)
<use Grafics/overflow.png>
Package pdftex.def Info: Grafics/overflow.png  used on input line 433.
(pdftex.def)             Requested size: 386.95897pt x 125.47343pt.


LaTeX Warning: `h' float specifier changed to `ht'.

[18 <./Grafics/Spanning/SpanningGetTimevsSize.png> <./Grafics/Spanning/Spanning
GetHeat.png>]

LaTeX Warning: Reference `elias' on page 19 undefined on input line 452.


Underfull \hbox (badness 1127) in paragraph at lines 452--453
[]\T1/cmr/bx/n/10.95 Metadata and Elias Gamma En-cod-ing: \T1/cmr/m/n/10.95 Be-
sides the 10 bits for \T1/cmtt/m/n/10.95 chunk_size \T1/cmr/m/n/10.95 and
 []

[19 <./Grafics/Overflow.png>]
<Grafics/Overflow/Overflowefficency.png, id=395, 722.7pt x 433.62pt>
File: Grafics/Overflow/Overflowefficency.png Graphic file (type png)
<use Grafics/Overflow/Overflowefficency.png>
Package pdftex.def Info: Grafics/Overflow/Overflowefficency.png  used on input 
line 478.
(pdftex.def)             Requested size: 386.95897pt x 232.17297pt.
<Grafics/Overflow/OverflowEffectiveness.png, id=396, 867.24pt x 578.16pt>
File: Grafics/Overflow/OverflowEffectiveness.png Graphic file (type png)
<use Grafics/Overflow/OverflowEffectiveness.png>
Package pdftex.def Info: Grafics/Overflow/OverflowEffectiveness.png  used on in
put line 484.
(pdftex.def)             Requested size: 386.95897pt x 257.97292pt.
 [20 <./Grafics/Overflow/Overflowefficency.png>]
<Grafics/Overflow/OverflowCompressTimevsSize.png, id=407, 867.24pt x 578.16pt>
File: Grafics/Overflow/OverflowCompressTimevsSize.png Graphic file (type png)
<use Grafics/Overflow/OverflowCompressTimevsSize.png>
Package pdftex.def Info: Grafics/Overflow/OverflowCompressTimevsSize.png  used 
on input line 493.
(pdftex.def)             Requested size: 386.95897pt x 257.97292pt.
<Grafics/Overflow/OverflowCompressTime.png, id=408, 867.24pt x 578.16pt>
File: Grafics/Overflow/OverflowCompressTime.png Graphic file (type png)
<use Grafics/Overflow/OverflowCompressTime.png>
Package pdftex.def Info: Grafics/Overflow/OverflowCompressTime.png  used on inp
ut line 500.
(pdftex.def)             Requested size: 386.95897pt x 257.97292pt.

[21 <./Grafics/Overflow/OverflowEffectiveness.png> <./Grafics/Overflow/Overflow
CompressTimevsSize.png>]
<Grafics/Overflow/OverflowCompressHeat.png, id=418, 722.7pt x 505.89pt>
File: Grafics/Overflow/OverflowCompressHeat.png Graphic file (type png)
<use Grafics/Overflow/OverflowCompressHeat.png>
Package pdftex.def Info: Grafics/Overflow/OverflowCompressHeat.png  used on inp
ut line 507.
(pdftex.def)             Requested size: 386.95897pt x 270.86847pt.
<Grafics/Overflow/OverflowDecompressTimevsSize.png, id=422, 867.24pt x 578.16pt
>
File: Grafics/Overflow/OverflowDecompressTimevsSize.png Graphic file (type png)

<use Grafics/Overflow/OverflowDecompressTimevsSize.png>
Package pdftex.def Info: Grafics/Overflow/OverflowDecompressTimevsSize.png  use
d on input line 518.
(pdftex.def)             Requested size: 386.95897pt x 257.97292pt.
<Grafics/Overflow/OverflowDecompressTime.png, id=423, 867.24pt x 578.16pt>
File: Grafics/Overflow/OverflowDecompressTime.png Graphic file (type png)
<use Grafics/Overflow/OverflowDecompressTime.png>
Package pdftex.def Info: Grafics/Overflow/OverflowDecompressTime.png  used on i
nput line 525.
(pdftex.def)             Requested size: 386.95897pt x 257.97292pt.
 [22 <./Grafics/Overflow/OverflowCompressTime.png> <./Grafics/Overflow/Overflow
CompressHeat.png>]
<Grafics/Overflow/OverflowDecompressHeat.png, id=433, 722.7pt x 505.89pt>
File: Grafics/Overflow/OverflowDecompressHeat.png Graphic file (type png)
<use Grafics/Overflow/OverflowDecompressHeat.png>
Package pdftex.def Info: Grafics/Overflow/OverflowDecompressHeat.png  used on i
nput line 532.
(pdftex.def)             Requested size: 386.95897pt x 270.86847pt.
 [23 <./Grafics/Overflow/OverflowDecompressTimevsSize.png> <./Grafics/Overflow/
OverflowDecompressTime.png>]
<Grafics/Overflow/OverflowGetTimevsSize.png, id=445, 867.24pt x 578.16pt>
File: Grafics/Overflow/OverflowGetTimevsSize.png Graphic file (type png)
<use Grafics/Overflow/OverflowGetTimevsSize.png>
Package pdftex.def Info: Grafics/Overflow/OverflowGetTimevsSize.png  used on in
put line 541.
(pdftex.def)             Requested size: 386.95897pt x 257.97292pt.
<Grafics/Overflow/OverflowGetHeat.png, id=446, 722.7pt x 505.89pt>
File: Grafics/Overflow/OverflowGetHeat.png Graphic file (type png)
<use Grafics/Overflow/OverflowGetHeat.png>
Package pdftex.def Info: Grafics/Overflow/OverflowGetHeat.png  used on input li
ne 549.
(pdftex.def)             Requested size: 386.95897pt x 270.86847pt.
 [24 <./Grafics/Overflow/OverflowDecompressHeat.png> <./Grafics/Overflow/Overfl
owGetTimevsSize.png>]
<Grafics/Compare/Comparingcompression.png, id=456, 1011.78pt x 650.43pt>
File: Grafics/Compare/Comparingcompression.png Graphic file (type png)
<use Grafics/Compare/Comparingcompression.png>
Package pdftex.def Info: Grafics/Compare/Comparingcompression.png  used on inpu
t line 559.
(pdftex.def)             Requested size: 386.95897pt x 248.76384pt.
<Grafics/Compare/ComparingEffectivenesscompression.png, id=457, 867.24pt x 578.
16pt>
File: Grafics/Compare/ComparingEffectivenesscompression.png Graphic file (type 
png)
<use Grafics/Compare/ComparingEffectivenesscompression.png>
Package pdftex.def Info: Grafics/Compare/ComparingEffectivenesscompression.png 
 used on input line 565.
(pdftex.def)             Requested size: 386.95897pt x 257.97292pt.
 [25 <./Grafics/Overflow/OverflowGetHeat.png> <./Grafics/Compare/Comparingcompr
ession.png>]
<Grafics/Compare/ComparingCompressTime.png, id=471, 1011.78pt x 578.16pt>
File: Grafics/Compare/ComparingCompressTime.png Graphic file (type png)
<use Grafics/Compare/ComparingCompressTime.png>
Package pdftex.def Info: Grafics/Compare/ComparingCompressTime.png  used on inp
ut line 572.
(pdftex.def)             Requested size: 386.95897pt x 221.12341pt.
<Grafics/Compare/ComparingDecompressTime.png, id=472, 1011.78pt x 578.16pt>
File: Grafics/Compare/ComparingDecompressTime.png Graphic file (type png)
<use Grafics/Compare/ComparingDecompressTime.png>
Package pdftex.def Info: Grafics/Compare/ComparingDecompressTime.png  used on i
nput line 578.
(pdftex.def)             Requested size: 386.95897pt x 221.12341pt.
 [26 <./Grafics/Compare/ComparingEffectivenesscompression.png> <./Grafics/Compa
re/ComparingCompressTime.png>] [27 <./Grafics/Compare/ComparingDecompressTime.p
ng>] [28]
Underfull \hbox (badness 10000) in paragraph at lines 673--674
 []\T1/cmr/bx/n/10.95 II. Per-for-mance-Data and Mea-sure-ment[] \T1/cmr/m/n/10
.95 These classes serve as the data model.
 []

[29]
Overfull \hbox (6.39284pt too wide) in paragraph at lines 748--765
 [][] 
 []

[30]
Underfull \hbox (badness 1137) in paragraph at lines 798--799
[]\T1/cmr/bx/n/10.95 Efficiency Cal-cu-la-tion: \T1/cmr/m/n/10.95 The script co
m-putes the Com-pres-sion Ra-tio ($[] \OT1/cmr/m/n/10.95 = 1 \OMS/cmsy/m/n/10.9
5 ^^@
 []

[31]
Underfull \hbox (badness 10000) in paragraph at lines 831--832
[]\T1/cmr/m/n/10.95 Apache Maven. (\T1/cmr/m/it/10.95 n.d.\T1/cmr/m/n/10.95 ). 
\T1/cmr/m/it/10.95 In-tro-duc-tion to the Stan-dard Di-rec-tory Lay-
 []


Underfull \hbox (badness 10000) in paragraph at lines 831--832
\T1/cmr/m/it/10.95 out\T1/cmr/m/n/10.95 . Re-trieved from [][]$\T1/cmtt/m/n/10.
95 https : / / maven . apache . org / guides / introduction /
 []


Underfull \hbox (badness 10000) in paragraph at lines 832--833
[]\T1/cmr/m/n/10.95 Geeks for Geeks. (\T1/cmr/m/it/10.95 n.d.\T1/cmr/m/n/10.95 
). \T1/cmr/m/it/10.95 Sep-a-ra-tion of Con-cerns (SoC)\T1/cmr/m/n/10.95 . Re-tr
ieved from [][]$\T1/cmtt/m/n/10.95 https :
 []


Underfull \hbox (badness 10000) in paragraph at lines 832--833
\T1/cmtt/m/n/10.95 / / www . geeksforgeeks . org / software-[]engineering / sep
aration-[]of-[]concerns-[]soc /
 []

[32] (./Report.aux)
 ***********
LaTeX2e <2023-11-01> patch level 1
L3 programming layer <2024-01-22>
 ***********


LaTeX Warning: There were undefined references.


Package rerunfilecheck Warning: File `Report.out' has changed.
(rerunfilecheck)                Rerun to get outlines right
(rerunfilecheck)                or use package `bookmark'.

Package rerunfilecheck Info: Checksums for `Report.out':
(rerunfilecheck)             Before: 314B84E65A11A0F7ED1CFA67E98BBE6D;7675
(rerunfilecheck)             After:  B07E8D870D62C0BEAC6758795D06D655;7599.
 ) 
Here is how much of TeX's memory you used:
 13062 strings out of 476106
 208546 string characters out of 5793933
 1939975 words of memory out of 5000000
 34732 multiletter control sequences out of 15000+600000
 576637 words of font info for 75 fonts, out of 8000000 for 9000
 59 hyphenation exceptions out of 8191
 75i,14n,79p,1058b,618s stack positions out of 10000i,1000n,20000p,200000b,200000s
 </home/loko/.texlive2023/texmf-var/fonts/pk/ljfour/jknappen/ec/ecti1095.600p
k> </home/loko/.texlive2023/texmf-var/fonts/pk/ljfour/jknappen/ec/ecrm0800.600p
k> </home/loko/.texlive2023/texmf-var/fonts/pk/ljfour/jknappen/ec/ectt1200.600p
k> </home/loko/.texlive2023/texmf-var/fonts/pk/ljfour/jknappen/ec/tcrm1095.600p
k> </home/loko/.texlive2023/texmf-var/fonts/pk/ljfour/jknappen/ec/ectt1095.600p
k> </home/loko/.texlive2023/texmf-var/fonts/pk/ljfour/jknappen/ec/ecrm1095.600p
k> </home/loko/.texlive2023/texmf-var/fonts/pk/ljfour/jknappen/ec/ecbx1095.600p
k> </home/loko/.texlive2023/texmf-var/fonts/pk/ljfour/jknappen/ec/ecbx1440.600p
k> </home/loko/.texlive2023/texmf-var/fonts/pk/ljfour/jknappen/ec/ecrm1000.600p
k> </home/loko/.texlive2023/texmf-var/fonts/pk/ljfour/jknappen/ec/ecbx1000.600p
k> </home/loko/.texlive2023/texmf-var/fonts/pk/ljfour/jknappen/ec/ecrm1200.600p
k> </home/loko/.texlive2023/texmf-var/fonts/pk/ljfour/jknappen/ec/ecbx1200.600p
k> </home/loko/.texlive2023/texmf-var/fonts/pk/ljfour/jknappen/ec/ecrm1728.600p
k> </home/loko/.texlive2023/texmf-var/fonts/pk/ljfour/jknappen/ec/ecbx1728.600p
k></usr/share/texlive/texmf-dist/fonts/type1/public/amsfonts/cm/cmbx10.pfb></us
r/share/texlive/texmf-dist/fonts/type1/public/amsfonts/cm/cmmi10.pfb></usr/shar
e/texlive/texmf-dist/fonts/type1/public/amsfonts/cm/cmr10.pfb></usr/share/texli
ve/texmf-dist/fonts/type1/public/amsfonts/cm/cmr8.pfb></usr/share/texlive/texmf
-dist/fonts/type1/public/amsfonts/cm/cmsy10.pfb></usr/share/texlive/texmf-dist/
fonts/type1/public/amsfonts/cm/cmsy8.pfb>
Output written on Report.pdf (32 pages, 3501080 bytes).
PDF statistics:
 1168 PDF objects out of 1200 (max. 8388607)
 543 compressed objects within 6 object streams
 172 named destinations out of 1000 (max. 500000)
 448 words of extra memory for PDF output out of 10000 (max. 10000000)

